sources/main/build/intermediates/manifest_merge_blame_file/debug/manifest-merger-blame-debug-report.txt
1<?xml version="1.0" encoding="utf-8"?>
2<manifest xmlns:android="http://schemas.android.com/apk/res/android"
3    package="com.evgeny.goncharov.main"
4    android:versionCode="1"
5    android:versionName="1.0" >
6
7    <uses-sdk
8        android:minSdkVersion="22"
8-->src/main/AndroidManifest.xml
9        android:targetSdkVersion="30" />
9-->src/main/AndroidManifest.xml
10
11    <application>
11-->src/main/AndroidManifest.xml:4:5-13:19
12        <activity
12-->src/main/AndroidManifest.xml:5:9-12:20
13            android:name="com.evgeny.goncharov.main.MainActivity"
13-->src/main/AndroidManifest.xml:6:13-66
14            android:windowSoftInputMode="adjustNothing" >
14-->src/main/AndroidManifest.xml:7:13-56
15            <intent-filter>
15-->src/main/AndroidManifest.xml:8:13-11:29
16                <action android:name="android.intent.action.MAIN" />
16-->src/main/AndroidManifest.xml:9:17-69
16-->src/main/AndroidManifest.xml:9:25-66
17
18                <category android:name="android.intent.category.LAUNCHER" />
18-->src/main/AndroidManifest.xml:10:17-77
18-->src/main/AndroidManifest.xml:10:27-74
19            </intent-filter>
20        </activity>
21    </application>
22
23</manifest>